C51 COMPILER V9.59.0.0   ADC_RECECIVED_LCD                                                 06/03/2026 13:45:09 PAGE 1   


C51 COMPILER V9.59.0.0, COMPILATION OF MODULE ADC_RECECIVED_LCD
OBJECT MODULE PLACED IN .\Objects\ADC_Rececived_LCD.obj
COMPILER INVOKED BY: C:\Keil_v5\C51\BIN\C51.EXE ADC_Rececived_LCD.c OPTIMIZE(8,SPEED) BROWSE DEBUG OBJECTEXTEND PRINT(.\
                    -Listings\ADC_Rececived_LCD.lst) TABS(2) OBJECT(.\Objects\ADC_Rececived_LCD.obj)

line level    source

   1          #include<reg51.h>
   2          #include"LCD_4bit.h"
   3          #include"uart.h"
   4          #include"delay.h"
   5          void Received(char *,char);
   6          //char Adc_value;
   7          void main()
   8          {
   9   1        char Rx_data[5];
  10   1        UART_Init();
  11   1        lcd_init();
  12   1        lcd_cmd(0x80);    
  13   1        lcd_str("Adc_value:");
  14   1        while(1)
  15   1        {
  16   2          Received(Rx_data,5);
  17   2          lcd_cmd(0xC0);
  18   2          lcd_data(Rx_data[1]);
  19   2          lcd_data(Rx_data[2]);
  20   2          lcd_data(Rx_data[3]);
  21   2          lcd_data(Rx_data[4]);
  22   2        }
  23   1      }
  24          void Received(char *ptr,char length)
  25          {
  26   1        char i;
  27   1        char temp=UART_Rx();
  28   1        if(temp==':')
  29   1        {
  30   2        for(i=0;i<length;i++)
  31   2        *(ptr+i)=UART_Rx();
  32   2        }
  33   1      }
  34          /*UART_Tx((Adc_value/100)+'0');
  35              UART_Tx(((Adc_value/10)%10)+'0');
  36              UART_Tx((Adc_value%10)+'0');*/
  37          //Tx_data(':') dabling


MODULE INFORMATION:   STATIC OVERLAYABLE
   CODE SIZE        =    116    ----
   CONSTANT SIZE    =     11    ----
   XDATA SIZE       =   ----    ----
   PDATA SIZE       =   ----    ----
   DATA SIZE        =   ----      10
   IDATA SIZE       =   ----    ----
   BIT SIZE         =   ----    ----
END OF MODULE INFORMATION.


C51 COMPILATION COMPLETE.  0 WARNING(S),  0 ERROR(S)
