C51 COMPILER V9.59.0.0   LCD_4BIT                                                          06/03/2026 13:45:09 PAGE 1   


C51 COMPILER V9.59.0.0, COMPILATION OF MODULE LCD_4BIT
OBJECT MODULE PLACED IN .\Objects\LCD_4bit.obj
COMPILER INVOKED BY: C:\Keil_v5\C51\BIN\C51.EXE LCD_4bit.c OPTIMIZE(8,SPEED) BROWSE DEBUG OBJECTEXTEND PRINT(.\Listings\
                    -LCD_4bit.lst) TABS(2) OBJECT(.\Objects\LCD_4bit.obj)

line level    source

   1          #include<reg51.h>
   2          #include"LCD_4bit.h"
   3          #include"delay.h"
   4          void lcd_init()
   5          {
   6   1        delay(20);
   7   1      lcd_cmd (0x02);
   8   1      lcd_cmd (0x28);
   9   1      lcd_cmd (0x0C);
  10   1      lcd_cmd (0x06);
  11   1      lcd_cmd (0x01);
  12   1      }
  13          void lcd_cmd(unsigned char cmd)
  14          {
  15   1        rs=0;
  16   1        rw=0;
  17   1        Lcd_Port=(cmd & 0xF0);
  18   1        en=1;
  19   1        delay(5);
  20   1        en=0;
  21   1        delay(2);
  22   1        Lcd_Port=((cmd<<4)& 0xF0);
  23   1        en=1;
  24   1        delay(5);
  25   1        en=0;
  26   1      }
  27          void lcd_data(unsigned char data1)
  28          {
  29   1        rs=1;
  30   1        rw=0;
  31   1        Lcd_Port=(data1 & 0xF0);
  32   1        en=1;
  33   1        delay(5);
  34   1        en=0;
  35   1        delay(2);
  36   1        Lcd_Port=((data1<<4) & 0xF0);
  37   1        en=1;
  38   1        delay(5);
  39   1        en=0;
  40   1      }
  41          void Adc_display(unsigned char Adc_value)
  42          {
  43   1        lcd_data((Adc_value/1000)+'0');
  44   1        lcd_data(((Adc_value/100)%10)+'0');
  45   1        lcd_data(((Adc_value/10)%10)+'0');
  46   1        lcd_data((Adc_value%10)+'0'); 
  47   1      }
  48          void lcd_str(unsigned char *str)
  49          {
  50   1        /*int i=0;
  51   1         while (str[i] != "\0") {
  52   1              lcd_data(str[i]);
  53   1              i++;
  54   1          }*/
C51 COMPILER V9.59.0.0   LCD_4BIT                                                          06/03/2026 13:45:09 PAGE 2   

  55   1        while(*str)
  56   1        {
  57   2          lcd_data(*str++);
  58   2      
  59   2        }
  60   1      }


MODULE INFORMATION:   STATIC OVERLAYABLE
   CODE SIZE        =    223    ----
   CONSTANT SIZE    =   ----    ----
   XDATA SIZE       =   ----    ----
   PDATA SIZE       =   ----    ----
   DATA SIZE        =   ----       6
   IDATA SIZE       =   ----    ----
   BIT SIZE         =   ----    ----
END OF MODULE INFORMATION.


C51 COMPILATION COMPLETE.  0 WARNING(S),  0 ERROR(S)
