C51 COMPILER V9.59.0.0   ADC                                                               04/09/2026 12:42:31 PAGE 1   


C51 COMPILER V9.59.0.0, COMPILATION OF MODULE ADC
OBJECT MODULE PLACED IN .\Objects\ADC.obj
COMPILER INVOKED BY: C:\Keil_v5\C51\BIN\C51.EXE ADC.c OPTIMIZE(8,SPEED) BROWSE DEBUG OBJECTEXTEND PRINT(.\Listings\ADC.l
                    -st) TABS(2) OBJECT(.\Objects\ADC.obj)

line level    source

   1          #include<reg51.h>
   2          #include"LCD_4bit.h"
   3          #include"delay.h"
   4          #include"ADC.h"
   5          sbit rd = P2^3;
   6          sbit wr = P2^4;
   7          sbit intr = P2^5;
   8          sfr ADC_port = 0x90;
   9          unsigned char Adc_read(void)
  10            { 
  11   1          unsigned char value;
  12   1          wr=0;
  13   1          delay(5);
  14   1          wr=1;
  15   1          while(intr==1);
  16   1          rd=0;
  17   1          delay(5);
  18   1          value=ADC_port;
  19   1          rd=1;
  20   1          return value;
  21   1        }


MODULE INFORMATION:   STATIC OVERLAYABLE
   CODE SIZE        =     28    ----
   CONSTANT SIZE    =   ----    ----
   XDATA SIZE       =   ----    ----
   PDATA SIZE       =   ----    ----
   DATA SIZE        =   ----    ----
   IDATA SIZE       =   ----    ----
   BIT SIZE         =   ----    ----
END OF MODULE INFORMATION.


C51 COMPILATION COMPLETE.  0 WARNING(S),  0 ERROR(S)
