C51 COMPILER V9.59.0.0   ADC_TRANSMIT_LCD                                                  04/09/2026 12:42:30 PAGE 1   


C51 COMPILER V9.59.0.0, COMPILATION OF MODULE ADC_TRANSMIT_LCD
OBJECT MODULE PLACED IN .\Objects\ADC_transmit_LCD.obj
COMPILER INVOKED BY: C:\Keil_v5\C51\BIN\C51.EXE ADC_transmit_LCD.c OPTIMIZE(8,SPEED) BROWSE DEBUG OBJECTEXTEND PRINT(.\L
                    -istings\ADC_transmit_LCD.lst) TABS(2) OBJECT(.\Objects\ADC_transmit_LCD.obj)

line level    source

   1          #include<reg51.h>
   2          #include"LCD_4bit.h"
   3          #include"uart.h"
   4          #include"ADC.h"
   5          #include"delay.h"
   6          unsigned char Adc_value;
   7          void main()
   8          {
   9   1        UART_Init();
  10   1        lcd_init();
  11   1        lcd_cmd(0x80);    
  12   1        lcd_str("Adc_value:");
  13   1        while(1)
  14   1        {
  15   2          Adc_value=Adc_read();
  16   2          lcd_cmd(0xC0);
  17   2          Adc_display(Adc_value);
  18   2          UART_Tx(':');
  19   2          UART_Tx((Adc_value/100)+'0');
  20   2          UART_Tx(((Adc_value/10)%10)+'0');
  21   2          UART_Tx((Adc_value%10)+'0');  
  22   2          lcd_data(0xDF);
  23   2          lcd_data('C');
  24   2        }
  25   1      }
  26            
  27            
  28            
  29            
  30            


MODULE INFORMATION:   STATIC OVERLAYABLE
   CODE SIZE        =     96    ----
   CONSTANT SIZE    =     11    ----
   XDATA SIZE       =   ----    ----
   PDATA SIZE       =   ----    ----
   DATA SIZE        =      1    ----
   IDATA SIZE       =   ----    ----
   BIT SIZE         =   ----    ----
END OF MODULE INFORMATION.


C51 COMPILATION COMPLETE.  0 WARNING(S),  0 ERROR(S)
